# Logfile created on 2010-10-30 19:06:18 -0500 by logger.rb/25413
REQUESTING PAGE: GET /users/sign_up with {} and HTTP headers {}
REQUESTING PAGE: GET /users/sign_up with {} and HTTP headers {}
REQUESTING PAGE: GET /users/sign_up with {} and HTTP headers {}
REQUESTING PAGE: GET /users/sign_up with {} and HTTP headers {}
REQUESTING PAGE: POST /users with {"utf8"=>"\xE2\x9C\x93", "user"=>{"email"=>"someone@email.com", "password"=>"secret", "password_confirmation"=>"secret"}, "commit"=>"Sign up"} and HTTP headers {"HTTP_REFERER"=>"/users/sign_up"}
REQUESTING PAGE: GET /users/sign_up with {} and HTTP headers {}
REQUESTING PAGE: POST /users with {"utf8"=>"\xE2\x9C\x93", "user"=>{"email"=>"someone@email.com", "password"=>"secret", "password_confirmation"=>"secret"}, "commit"=>"Sign up"} and HTTP headers {"HTTP_REFERER"=>"/users/sign_up"}
REQUESTING PAGE: GET /users/sign_up with {} and HTTP headers {}
REQUESTING PAGE: POST /users with {"utf8"=>"\xE2\x9C\x93", "user"=>{"email"=>"someone@email.com", "password"=>"secret", "password_confirmation"=>"secret"}, "commit"=>"Sign up"} and HTTP headers {"HTTP_REFERER"=>"/users/sign_up"}
REQUESTING PAGE: GET /users/sign_up with {} and HTTP headers {}
REQUESTING PAGE: POST /users with {"utf8"=>"\xE2\x9C\x93", "user"=>{"email"=>"someone@email.com", "password"=>"secret", "password_confirmation"=>"secret"}, "commit"=>"Sign up"} and HTTP headers {"HTTP_REFERER"=>"/users/sign_up"}
REQUESTING PAGE: GET /users/sign_up with {} and HTTP headers {}
REQUESTING PAGE: POST /users with {"utf8"=>"\xE2\x9C\x93", "user"=>{"email"=>"someone@email.com", "password"=>"secret", "password_confirmation"=>"secret"}, "commit"=>"Sign up"} and HTTP headers {"HTTP_REFERER"=>"/users/sign_up"}
REQUESTING PAGE: GET /users/sign_up with {} and HTTP headers {}
REQUESTING PAGE: POST /users with {"utf8"=>"\xE2\x9C\x93", "user"=>{"email"=>"someone@email.com", "password"=>"secret", "password_confirmation"=>"secret"}, "commit"=>"Sign up"} and HTTP headers {"HTTP_REFERER"=>"/users/sign_up"}
REQUESTING PAGE: GET /users/sign_up with {} and HTTP headers {}
REQUESTING PAGE: POST /users with {"utf8"=>"\xE2\x9C\x93", "user"=>{"email"=>"someone@email.com", "password"=>"secret", "password_confirmation"=>"secret"}, "commit"=>"Sign up"} and HTTP headers {"HTTP_REFERER"=>"/users/sign_up"}
REQUESTING PAGE: GET /users/sign_up with {} and HTTP headers {}
REQUESTING PAGE: POST /users with {"utf8"=>"\xE2\x9C\x93", "user"=>{"email"=>"someone@email.com", "password"=>"secret", "password_confirmation"=>"secret"}, "commit"=>"Sign up"} and HTTP headers {"HTTP_REFERER"=>"/users/sign_up"}
REQUESTING PAGE: GET /users/sign_up with {} and HTTP headers {}
REQUESTING PAGE: POST /users with {"utf8"=>"\xE2\x9C\x93", "user"=>{"email"=>"someone@email.com", "password"=>"secret", "password_confirmation"=>"secret"}, "commit"=>"Sign up"} and HTTP headers {"HTTP_REFERER"=>"/users/sign_up"}
REQUESTING PAGE: GET /users/sign_up with {} and HTTP headers {}
REQUESTING PAGE: POST /users with {"utf8"=>"\xE2\x9C\x93", "user"=>{"email"=>"someone@email.com", "password"=>"secret", "password_confirmation"=>"secret"}, "commit"=>"Sign up"} and HTTP headers {"HTTP_REFERER"=>"/users/sign_up"}
REQUESTING PAGE: GET /users/sign_up with {} and HTTP headers {}
REQUESTING PAGE: POST /users with {"utf8"=>"\xE2\x9C\x93", "user"=>{"email"=>"someone@email.com", "password"=>"secret", "password_confirmation"=>"secret"}, "commit"=>"Sign up"} and HTTP headers {"HTTP_REFERER"=>"/users/sign_up"}
REQUESTING PAGE: GET /users/sign_up with {} and HTTP headers {}
REQUESTING PAGE: POST /users with {"utf8"=>"\xE2\x9C\x93", "user"=>{"email"=>"someone@email.com", "password"=>"secret", "password_confirmation"=>"secret"}, "commit"=>"Sign up"} and HTTP headers {"HTTP_REFERER"=>"/users/sign_up"}
REQUESTING PAGE: GET /users/sign_up with {} and HTTP headers {}
REQUESTING PAGE: POST /users with {"utf8"=>"\xE2\x9C\x93", "user"=>{"email"=>"someone@email.com", "password"=>"secret", "password_confirmation"=>"secret"}, "commit"=>"Sign up"} and HTTP headers {"HTTP_REFERER"=>"/users/sign_up"}
REQUESTING PAGE: GET /users/sign_up with {} and HTTP headers {}
REQUESTING PAGE: POST /users with {"utf8"=>"\xE2\x9C\x93", "user"=>{"email"=>"someone@email.com", "password"=>"secret", "password_confirmation"=>"secret"}, "commit"=>"Sign up"} and HTTP headers {"HTTP_REFERER"=>"/users/sign_up"}
REQUESTING PAGE: GET /users/sign_up with {} and HTTP headers {}
REQUESTING PAGE: GET /users/sign_up with {} and HTTP headers {}
REQUESTING PAGE: POST /users with {"utf8"=>"\xE2\x9C\x93", "user"=>{"email"=>"someone@email.com", "password"=>"secret", "password_confirmation"=>"secret"}, "commit"=>"Sign up"} and HTTP headers {"HTTP_REFERER"=>"/users/sign_up"}
REQUESTING PAGE: GET /users/sign_up with {} and HTTP headers {}
REQUESTING PAGE: POST /users with {"utf8"=>"\xE2\x9C\x93", "user"=>{"email"=>"someone@email.com", "password"=>"secret", "password_confirmation"=>"secret"}, "commit"=>"Sign up"} and HTTP headers {"HTTP_REFERER"=>"/users/sign_up"}
REQUESTING PAGE: GET /users/sign_up with {} and HTTP headers {}
REQUESTING PAGE: POST /users with {"utf8"=>"\xE2\x9C\x93", "user"=>{"email"=>"someone@email.com", "password"=>"secret", "password_confirmation"=>"secret"}, "commit"=>"Sign up"} and HTTP headers {"HTTP_REFERER"=>"/users/sign_up"}
REQUESTING PAGE: GET /users/sign_up with {} and HTTP headers {}
REQUESTING PAGE: POST /users with {"utf8"=>"\xE2\x9C\x93", "user"=>{"email"=>"someone@email.com", "password"=>"secret", "password_confirmation"=>"secret"}, "commit"=>"Sign up"} and HTTP headers {"HTTP_REFERER"=>"/users/sign_up"}
REQUESTING PAGE: GET /users/sign_up with {} and HTTP headers {}
REQUESTING PAGE: POST /users with {"utf8"=>"\xE2\x9C\x93", "user"=>{"email"=>"someone@email.com", "password"=>"secret", "password_confirmation"=>"secret"}, "commit"=>"Sign up"} and HTTP headers {"HTTP_REFERER"=>"/users/sign_up"}
REQUESTING PAGE: GET /users/sign_up with {} and HTTP headers {}
REQUESTING PAGE: POST /users with {"utf8"=>"\xE2\x9C\x93", "user"=>{"email"=>"someone@email.com", "password"=>"secret", "password_confirmation"=>"secret"}, "commit"=>"Sign up"} and HTTP headers {"HTTP_REFERER"=>"/users/sign_up"}
REQUESTING PAGE: GET /users/sign_up with {} and HTTP headers {}
REQUESTING PAGE: POST /users with {"utf8"=>"\xE2\x9C\x93", "user"=>{"email"=>"someone@email.com", "password"=>"secret", "password_confirmation"=>"secret"}, "commit"=>"Sign up"} and HTTP headers {"HTTP_REFERER"=>"/users/sign_up"}
REQUESTING PAGE: GET /users/sign_up with {} and HTTP headers {}
REQUESTING PAGE: POST /users with {"utf8"=>"\xE2\x9C\x93", "user"=>{"email"=>"someone@email.com", "password"=>"secret", "password_confirmation"=>"secret"}, "commit"=>"Sign up"} and HTTP headers {"HTTP_REFERER"=>"/users/sign_up"}
REQUESTING PAGE: GET /users/sign_up with {} and HTTP headers {}
REQUESTING PAGE: POST /users with {"utf8"=>"\xE2\x9C\x93", "user"=>{"email"=>"someone@email.com", "password"=>"secret", "password_confirmation"=>"secret"}, "commit"=>"Sign up"} and HTTP headers {"HTTP_REFERER"=>"/users/sign_up"}
REQUESTING PAGE: GET /users/sign_up with {} and HTTP headers {}
REQUESTING PAGE: POST /users with {"utf8"=>"\xE2\x9C\x93", "user"=>{"email"=>"someone@email.com", "password"=>"secret", "password_confirmation"=>"secret"}, "commit"=>"Sign up"} and HTTP headers {"HTTP_REFERER"=>"/users/sign_up"}
REQUESTING PAGE: GET /users/sign_up with {} and HTTP headers {}
REQUESTING PAGE: POST /users with {"utf8"=>"\xE2\x9C\x93", "user"=>{"email"=>"someone@email.com", "password"=>"secret", "password_confirmation"=>"secret"}, "commit"=>"Sign up"} and HTTP headers {"HTTP_REFERER"=>"/users/sign_up"}
REQUESTING PAGE: GET /users/sign_up with {} and HTTP headers {}
REQUESTING PAGE: POST /users with {"utf8"=>"\xE2\x9C\x93", "user"=>{"email"=>"test1@email.com", "password"=>"secret", "password_confirmation"=>"secret"}, "commit"=>"Sign up"} and HTTP headers {"HTTP_REFERER"=>"/users/sign_up"}
REQUESTING PAGE: GET /users/sign_up with {} and HTTP headers {}
REQUESTING PAGE: POST /users with {"utf8"=>"\xE2\x9C\x93", "user"=>{"email"=>"test1@email.com", "password"=>"secret", "password_confirmation"=>"secret"}, "commit"=>"Sign up"} and HTTP headers {"HTTP_REFERER"=>"/users/sign_up"}
REQUESTING PAGE: GET /users/sign_up with {} and HTTP headers {}
REQUESTING PAGE: POST /users with {"utf8"=>"\xE2\x9C\x93", "user"=>{"email"=>"test1@email.com", "password"=>"secret", "password_confirmation"=>"secret"}, "commit"=>"Sign up"} and HTTP headers {"HTTP_REFERER"=>"/users/sign_up"}
REQUESTING PAGE: GET /users/sign_up with {} and HTTP headers {}
REQUESTING PAGE: POST /users with {"utf8"=>"\xE2\x9C\x93", "user"=>{"email"=>"test1@email.com", "password"=>"secret", "password_confirmation"=>"secret"}, "commit"=>"Sign up"} and HTTP headers {"HTTP_REFERER"=>"/users/sign_up"}
REQUESTING PAGE: GET /users/sign_up with {} and HTTP headers {}
REQUESTING PAGE: POST /users with {"utf8"=>"\xE2\x9C\x93", "user"=>{"email"=>"test1@email.com", "password"=>"secret", "password_confirmation"=>"secret"}, "commit"=>"Sign up"} and HTTP headers {"HTTP_REFERER"=>"/users/sign_up"}
REQUESTING PAGE: GET /login with {} and HTTP headers {}
REQUESTING PAGE: GET /login with {} and HTTP headers {}
REQUESTING PAGE: POST /users/sign_in with {"utf8"=>"\xE2\x9C\x93", "user"=>{"email"=>"test1@email.com", "password"=>"secret", "remember_me"=>"0"}, "commit"=>"Sign in"} and HTTP headers {"HTTP_REFERER"=>"/login"}
REQUESTING PAGE: GET / with {} and HTTP headers {"HTTP_REFERER"=>"/users/sign_in"}
REQUESTING PAGE: GET /login with {} and HTTP headers {}
REQUESTING PAGE: GET /login with {} and HTTP headers {}
REQUESTING PAGE: GET /profiles/1 with {} and HTTP headers {"HTTP_REFERER"=>"/login"}
REQUESTING PAGE: GET /login with {} and HTTP headers {}
REQUESTING PAGE: GET /profiles/1 with {} and HTTP headers {"HTTP_REFERER"=>"/login"}
REQUESTING PAGE: GET /login with {} and HTTP headers {}
REQUESTING PAGE: GET /profiles/1 with {} and HTTP headers {"HTTP_REFERER"=>"/login"}
REQUESTING PAGE: GET /login with {} and HTTP headers {}
REQUESTING PAGE: POST /users/sign_in with {"utf8"=>"\xE2\x9C\x93", "user"=>{"email"=>"test1@email.com", "password"=>"secret", "remember_me"=>"0"}, "commit"=>"Sign in"} and HTTP headers {"HTTP_REFERER"=>"/login"}
REQUESTING PAGE: GET / with {} and HTTP headers {"HTTP_REFERER"=>"/users/sign_in"}
REQUESTING PAGE: GET /profiles/1 with {} and HTTP headers {"HTTP_REFERER"=>"/"}
REQUESTING PAGE: GET /login with {} and HTTP headers {}
REQUESTING PAGE: POST /users/sign_in with {"utf8"=>"\xE2\x9C\x93", "user"=>{"email"=>"test1@email.com", "password"=>"secret", "remember_me"=>"0"}, "commit"=>"Sign in"} and HTTP headers {"HTTP_REFERER"=>"/login"}
REQUESTING PAGE: GET / with {} and HTTP headers {"HTTP_REFERER"=>"/users/sign_in"}
REQUESTING PAGE: GET /profiles/1 with {} and HTTP headers {"HTTP_REFERER"=>"/"}
REQUESTING PAGE: GET /profiles/1/edit with {} and HTTP headers {"HTTP_REFERER"=>"/profiles/1"}
REQUESTING PAGE: POST /profiles/1 with {"utf8"=>"\xE2\x9C\x93", "_method"=>"put", "profile"=>{"name"=>"John"}, "description"=>"", "lat"=>"{:id=>:lat}", "lng"=>"{:id=>:lng}", "commit"=>"Save"} and HTTP headers {"HTTP_REFERER"=>"/profiles/1/edit"}
REQUESTING PAGE: GET /login with {} and HTTP headers {}
REQUESTING PAGE: POST /users/sign_in with {"utf8"=>"\xE2\x9C\x93", "user"=>{"email"=>"test1@email.com", "password"=>"secret", "remember_me"=>"0"}, "commit"=>"Sign in"} and HTTP headers {"HTTP_REFERER"=>"/login"}
REQUESTING PAGE: GET / with {} and HTTP headers {"HTTP_REFERER"=>"/users/sign_in"}
REQUESTING PAGE: GET /profiles/1 with {} and HTTP headers {"HTTP_REFERER"=>"/"}
REQUESTING PAGE: GET /profiles/1/edit with {} and HTTP headers {"HTTP_REFERER"=>"/profiles/1"}
REQUESTING PAGE: POST /profiles/1 with {"utf8"=>"\xE2\x9C\x93", "_method"=>"put", "profile"=>{"name"=>"John"}, "description"=>"", "lat"=>"{:id=>:lat}", "lng"=>"{:id=>:lng}", "commit"=>"Save"} and HTTP headers {"HTTP_REFERER"=>"/profiles/1/edit"}
REQUESTING PAGE: GET /profiles/1 with {} and HTTP headers {"HTTP_REFERER"=>"/profiles/1"}
REQUESTING PAGE: GET /login with {} and HTTP headers {}
REQUESTING PAGE: POST /users/sign_in with {"utf8"=>"\xE2\x9C\x93", "user"=>{"email"=>"test1@email.com", "password"=>"secret", "remember_me"=>"0"}, "commit"=>"Sign in"} and HTTP headers {"HTTP_REFERER"=>"/login"}
REQUESTING PAGE: GET / with {} and HTTP headers {"HTTP_REFERER"=>"/users/sign_in"}
REQUESTING PAGE: GET /profiles/1 with {} and HTTP headers {"HTTP_REFERER"=>"/"}
REQUESTING PAGE: GET /profiles/1/edit with {} and HTTP headers {"HTTP_REFERER"=>"/profiles/1"}
REQUESTING PAGE: POST /profiles/1 with {"utf8"=>"\xE2\x9C\x93", "_method"=>"put", "profile"=>{"name"=>"John"}, "description"=>"", "lat"=>"{:id=>:lat}", "lng"=>"{:id=>:lng}", "commit"=>"Save"} and HTTP headers {"HTTP_REFERER"=>"/profiles/1/edit"}
REQUESTING PAGE: GET /profiles/1 with {} and HTTP headers {"HTTP_REFERER"=>"/profiles/1"}
REQUESTING PAGE: GET /login with {} and HTTP headers {}
REQUESTING PAGE: POST /users/sign_in with {"utf8"=>"\xE2\x9C\x93", "user"=>{"email"=>"test1@email.com", "password"=>"secret", "remember_me"=>"0"}, "commit"=>"Sign in"} and HTTP headers {"HTTP_REFERER"=>"/login"}
REQUESTING PAGE: GET / with {} and HTTP headers {"HTTP_REFERER"=>"/users/sign_in"}
REQUESTING PAGE: GET /profiles/1 with {} and HTTP headers {"HTTP_REFERER"=>"/"}
REQUESTING PAGE: GET /profiles/1/edit with {} and HTTP headers {"HTTP_REFERER"=>"/profiles/1"}
REQUESTING PAGE: POST /profiles/1 with {"utf8"=>"\xE2\x9C\x93", "_method"=>"put", "profile"=>{"name"=>"John"}, "description"=>"", "lat"=>"{:id=>:lat}", "lng"=>"{:id=>:lng}", "commit"=>"Save"} and HTTP headers {"HTTP_REFERER"=>"/profiles/1/edit"}
REQUESTING PAGE: GET /profiles/1 with {} and HTTP headers {"HTTP_REFERER"=>"/profiles/1"}
REQUESTING PAGE: GET /login with {} and HTTP headers {}
REQUESTING PAGE: POST /users/sign_in with {"utf8"=>"\xE2\x9C\x93", "user"=>{"email"=>"test2@email.com", "password"=>"secret", "remember_me"=>"0"}, "commit"=>"Sign in"} and HTTP headers {"HTTP_REFERER"=>"/login"}
REQUESTING PAGE: GET / with {} and HTTP headers {"HTTP_REFERER"=>"/users/sign_in"}
REQUESTING PAGE: GET /profiles/1 with {} and HTTP headers {"HTTP_REFERER"=>"/"}
REQUESTING PAGE: GET /profiles/1/edit with {} and HTTP headers {"HTTP_REFERER"=>"/profiles/1"}
REQUESTING PAGE: GET /login with {} and HTTP headers {}
REQUESTING PAGE: POST /users/sign_in with {"utf8"=>"\xE2\x9C\x93", "user"=>{"email"=>"test1@email.com", "password"=>"secret", "remember_me"=>"0"}, "commit"=>"Sign in"} and HTTP headers {"HTTP_REFERER"=>"/login"}
REQUESTING PAGE: GET / with {} and HTTP headers {"HTTP_REFERER"=>"/users/sign_in"}
REQUESTING PAGE: GET /profiles/1 with {} and HTTP headers {"HTTP_REFERER"=>"/"}
REQUESTING PAGE: GET /profiles/1/edit with {} and HTTP headers {"HTTP_REFERER"=>"/profiles/1"}
REQUESTING PAGE: POST /profiles/1 with {"utf8"=>"\xE2\x9C\x93", "_method"=>"put", "profile"=>{"name"=>"John"}, "description"=>"", "lat"=>"{:id=>:lat}", "lng"=>"{:id=>:lng}", "commit"=>"Save"} and HTTP headers {"HTTP_REFERER"=>"/profiles/1/edit"}
REQUESTING PAGE: GET /profiles/1 with {} and HTTP headers {"HTTP_REFERER"=>"/profiles/1"}
REQUESTING PAGE: GET /login with {} and HTTP headers {}
REQUESTING PAGE: POST /users/sign_in with {"utf8"=>"\xE2\x9C\x93", "user"=>{"email"=>"test2@email.com", "password"=>"secret", "remember_me"=>"0"}, "commit"=>"Sign in"} and HTTP headers {"HTTP_REFERER"=>"/login"}
REQUESTING PAGE: GET / with {} and HTTP headers {"HTTP_REFERER"=>"/users/sign_in"}
REQUESTING PAGE: GET /profiles/1 with {} and HTTP headers {"HTTP_REFERER"=>"/"}
REQUESTING PAGE: GET /profiles/1/edit with {} and HTTP headers {"HTTP_REFERER"=>"/profiles/1"}
REQUESTING PAGE: POST /profiles/1 with {"utf8"=>"\xE2\x9C\x93", "_method"=>"put", "profile"=>{"name"=>""}, "description"=>"Houston, TX", "lat"=>"10.0", "lng"=>"30.0", "commit"=>"Save"} and HTTP headers {"HTTP_REFERER"=>"/profiles/1/edit"}
REQUESTING PAGE: GET /profiles/1 with {} and HTTP headers {"HTTP_REFERER"=>"/profiles/1"}
REQUESTING PAGE: GET /login with {} and HTTP headers {}
REQUESTING PAGE: POST /users/sign_in with {"utf8"=>"\xE2\x9C\x93", "user"=>{"email"=>"test1@email.com", "password"=>"secret", "remember_me"=>"0"}, "commit"=>"Sign in"} and HTTP headers {"HTTP_REFERER"=>"/login"}
REQUESTING PAGE: GET / with {} and HTTP headers {"HTTP_REFERER"=>"/users/sign_in"}
REQUESTING PAGE: GET /profiles/1 with {} and HTTP headers {"HTTP_REFERER"=>"/"}
REQUESTING PAGE: GET /profiles/1/edit with {} and HTTP headers {"HTTP_REFERER"=>"/profiles/1"}
REQUESTING PAGE: POST /profiles/1 with {"utf8"=>"\xE2\x9C\x93", "_method"=>"put", "profile"=>{"name"=>"John"}, "description"=>"", "lat"=>"{:id=>:lat}", "lng"=>"{:id=>:lng}", "commit"=>"Save"} and HTTP headers {"HTTP_REFERER"=>"/profiles/1/edit"}
REQUESTING PAGE: GET /profiles/1 with {} and HTTP headers {"HTTP_REFERER"=>"/profiles/1"}
REQUESTING PAGE: GET /login with {} and HTTP headers {}
REQUESTING PAGE: POST /users/sign_in with {"utf8"=>"\xE2\x9C\x93", "user"=>{"email"=>"test2@email.com", "password"=>"secret", "remember_me"=>"0"}, "commit"=>"Sign in"} and HTTP headers {"HTTP_REFERER"=>"/login"}
REQUESTING PAGE: GET / with {} and HTTP headers {"HTTP_REFERER"=>"/users/sign_in"}
REQUESTING PAGE: GET /profiles/1 with {} and HTTP headers {"HTTP_REFERER"=>"/"}
REQUESTING PAGE: GET /profiles/1/edit with {} and HTTP headers {"HTTP_REFERER"=>"/profiles/1"}
REQUESTING PAGE: POST /profiles/1 with {"utf8"=>"\xE2\x9C\x93", "_method"=>"put", "profile"=>{"name"=>""}, "description"=>"Houston, TX", "lat"=>"10.0", "lng"=>"30.0", "commit"=>"Save"} and HTTP headers {"HTTP_REFERER"=>"/profiles/1/edit"}
REQUESTING PAGE: GET /profiles/1 with {} and HTTP headers {"HTTP_REFERER"=>"/profiles/1"}
REQUESTING PAGE: GET /login with {} and HTTP headers {}
REQUESTING PAGE: POST /users/sign_in with {"utf8"=>"\xE2\x9C\x93", "user"=>{"email"=>"test1@email.com", "password"=>"secret", "remember_me"=>"0"}, "commit"=>"Sign in"} and HTTP headers {"HTTP_REFERER"=>"/login"}
REQUESTING PAGE: GET / with {} and HTTP headers {"HTTP_REFERER"=>"/users/sign_in"}
REQUESTING PAGE: GET /profiles/1 with {} and HTTP headers {"HTTP_REFERER"=>"/"}
REQUESTING PAGE: GET /profiles/1/edit with {} and HTTP headers {"HTTP_REFERER"=>"/profiles/1"}
REQUESTING PAGE: POST /profiles/1 with {"utf8"=>"\xE2\x9C\x93", "_method"=>"put", "profile"=>{"name"=>"John"}, "description"=>"", "lat"=>"{:id=>:lat}", "lng"=>"{:id=>:lng}", "commit"=>"Save"} and HTTP headers {"HTTP_REFERER"=>"/profiles/1/edit"}
REQUESTING PAGE: GET /login with {} and HTTP headers {}
REQUESTING PAGE: POST /users/sign_in with {"utf8"=>"\xE2\x9C\x93", "user"=>{"email"=>"test2@email.com", "password"=>"secret", "remember_me"=>"0"}, "commit"=>"Sign in"} and HTTP headers {"HTTP_REFERER"=>"/login"}
REQUESTING PAGE: GET / with {} and HTTP headers {"HTTP_REFERER"=>"/users/sign_in"}
REQUESTING PAGE: GET /profiles/1 with {} and HTTP headers {"HTTP_REFERER"=>"/"}
REQUESTING PAGE: GET /profiles/1/edit with {} and HTTP headers {"HTTP_REFERER"=>"/profiles/1"}
REQUESTING PAGE: POST /profiles/1 with {"utf8"=>"\xE2\x9C\x93", "_method"=>"put", "profile"=>{"name"=>""}, "description"=>"Houston, TX", "lat"=>"10.0", "lng"=>"30.0", "commit"=>"Save"} and HTTP headers {"HTTP_REFERER"=>"/profiles/1/edit"}
REQUESTING PAGE: GET /login with {} and HTTP headers {}
REQUESTING PAGE: POST /users/sign_in with {"utf8"=>"\xE2\x9C\x93", "user"=>{"email"=>"test1@email.com", "password"=>"secret", "remember_me"=>"0"}, "commit"=>"Sign in"} and HTTP headers {"HTTP_REFERER"=>"/login"}
REQUESTING PAGE: GET / with {} and HTTP headers {"HTTP_REFERER"=>"/users/sign_in"}
REQUESTING PAGE: GET /profiles/1 with {} and HTTP headers {"HTTP_REFERER"=>"/"}
REQUESTING PAGE: GET /profiles/1/edit with {} and HTTP headers {"HTTP_REFERER"=>"/profiles/1"}
REQUESTING PAGE: POST /profiles/1 with {"utf8"=>"\xE2\x9C\x93", "_method"=>"put", "profile"=>{"name"=>"John"}, "description"=>"", "lat"=>"{:id=>:lat}", "lng"=>"{:id=>:lng}", "commit"=>"Save"} and HTTP headers {"HTTP_REFERER"=>"/profiles/1/edit"}
REQUESTING PAGE: GET /login with {} and HTTP headers {}
REQUESTING PAGE: POST /users/sign_in with {"utf8"=>"\xE2\x9C\x93", "user"=>{"email"=>"test2@email.com", "password"=>"secret", "remember_me"=>"0"}, "commit"=>"Sign in"} and HTTP headers {"HTTP_REFERER"=>"/login"}
REQUESTING PAGE: GET / with {} and HTTP headers {"HTTP_REFERER"=>"/users/sign_in"}
REQUESTING PAGE: GET /profiles/1 with {} and HTTP headers {"HTTP_REFERER"=>"/"}
REQUESTING PAGE: GET /profiles/1/edit with {} and HTTP headers {"HTTP_REFERER"=>"/profiles/1"}
REQUESTING PAGE: POST /profiles/1 with {"utf8"=>"\xE2\x9C\x93", "_method"=>"put", "profile"=>{"name"=>""}, "description"=>"Houston, TX", "lat"=>"10.0", "lng"=>"30.0", "commit"=>"Save"} and HTTP headers {"HTTP_REFERER"=>"/profiles/1/edit"}
REQUESTING PAGE: GET /login with {} and HTTP headers {}
REQUESTING PAGE: POST /users/sign_in with {"utf8"=>"\xE2\x9C\x93", "user"=>{"email"=>"test1@email.com", "password"=>"secret", "remember_me"=>"0"}, "commit"=>"Sign in"} and HTTP headers {"HTTP_REFERER"=>"/login"}
REQUESTING PAGE: GET / with {} and HTTP headers {"HTTP_REFERER"=>"/users/sign_in"}
REQUESTING PAGE: GET /profiles/1 with {} and HTTP headers {"HTTP_REFERER"=>"/"}
REQUESTING PAGE: GET /profiles/1/edit with {} and HTTP headers {"HTTP_REFERER"=>"/profiles/1"}
REQUESTING PAGE: POST /profiles/1 with {"utf8"=>"\xE2\x9C\x93", "_method"=>"put", "profile"=>{"name"=>"John"}, "description"=>"", "lat"=>"{:id=>:lat}", "lng"=>"{:id=>:lng}", "commit"=>"Save"} and HTTP headers {"HTTP_REFERER"=>"/profiles/1/edit"}
REQUESTING PAGE: GET /login with {} and HTTP headers {}
REQUESTING PAGE: POST /users/sign_in with {"utf8"=>"\xE2\x9C\x93", "user"=>{"email"=>"test2@email.com", "password"=>"secret", "remember_me"=>"0"}, "commit"=>"Sign in"} and HTTP headers {"HTTP_REFERER"=>"/login"}
REQUESTING PAGE: GET / with {} and HTTP headers {"HTTP_REFERER"=>"/users/sign_in"}
REQUESTING PAGE: GET /profiles/1 with {} and HTTP headers {"HTTP_REFERER"=>"/"}
REQUESTING PAGE: GET /profiles/1/edit with {} and HTTP headers {"HTTP_REFERER"=>"/profiles/1"}
REQUESTING PAGE: POST /profiles/1 with {"utf8"=>"\xE2\x9C\x93", "_method"=>"put", "profile"=>{"name"=>""}, "description"=>"Houston, TX", "lat"=>"10.0", "lng"=>"30.0", "commit"=>"Save"} and HTTP headers {"HTTP_REFERER"=>"/profiles/1/edit"}
REQUESTING PAGE: GET /login with {} and HTTP headers {}
REQUESTING PAGE: POST /users/sign_in with {"utf8"=>"\xE2\x9C\x93", "user"=>{"email"=>"test1@email.com", "password"=>"secret", "remember_me"=>"0"}, "commit"=>"Sign in"} and HTTP headers {"HTTP_REFERER"=>"/login"}
REQUESTING PAGE: GET / with {} and HTTP headers {"HTTP_REFERER"=>"/users/sign_in"}
REQUESTING PAGE: GET /profiles/1 with {} and HTTP headers {"HTTP_REFERER"=>"/"}
REQUESTING PAGE: GET /profiles/1/edit with {} and HTTP headers {"HTTP_REFERER"=>"/profiles/1"}
REQUESTING PAGE: POST /profiles/1 with {"utf8"=>"\xE2\x9C\x93", "_method"=>"put", "profile"=>{"name"=>"John"}, "description"=>"", "lat"=>"{:id=>:lat}", "lng"=>"{:id=>:lng}", "commit"=>"Save"} and HTTP headers {"HTTP_REFERER"=>"/profiles/1/edit"}
REQUESTING PAGE: GET /profiles/1 with {} and HTTP headers {"HTTP_REFERER"=>"/profiles/1"}
REQUESTING PAGE: GET /login with {} and HTTP headers {}
REQUESTING PAGE: POST /users/sign_in with {"utf8"=>"\xE2\x9C\x93", "user"=>{"email"=>"test2@email.com", "password"=>"secret", "remember_me"=>"0"}, "commit"=>"Sign in"} and HTTP headers {"HTTP_REFERER"=>"/login"}
REQUESTING PAGE: GET / with {} and HTTP headers {"HTTP_REFERER"=>"/users/sign_in"}
REQUESTING PAGE: GET /profiles/1 with {} and HTTP headers {"HTTP_REFERER"=>"/"}
REQUESTING PAGE: GET /profiles/1/edit with {} and HTTP headers {"HTTP_REFERER"=>"/profiles/1"}
REQUESTING PAGE: POST /profiles/1 with {"utf8"=>"\xE2\x9C\x93", "_method"=>"put", "profile"=>{"name"=>""}, "description"=>"Houston, TX", "lat"=>"10.0", "lng"=>"30.0", "commit"=>"Save"} and HTTP headers {"HTTP_REFERER"=>"/profiles/1/edit"}
REQUESTING PAGE: GET /profiles/1 with {} and HTTP headers {"HTTP_REFERER"=>"/profiles/1"}
REQUESTING PAGE: GET /login with {} and HTTP headers {}
REQUESTING PAGE: POST /users/sign_in with {"utf8"=>"\xE2\x9C\x93", "user"=>{"email"=>"test1@email.com", "password"=>"secret", "remember_me"=>"0"}, "commit"=>"Sign in"} and HTTP headers {"HTTP_REFERER"=>"/login"}
REQUESTING PAGE: GET / with {} and HTTP headers {"HTTP_REFERER"=>"/users/sign_in"}
REQUESTING PAGE: GET /profiles/1 with {} and HTTP headers {"HTTP_REFERER"=>"/"}
REQUESTING PAGE: GET /profiles/1/edit with {} and HTTP headers {"HTTP_REFERER"=>"/profiles/1"}
REQUESTING PAGE: POST /profiles/1 with {"utf8"=>"\xE2\x9C\x93", "_method"=>"put", "profile"=>{"name"=>"John"}, "description"=>"", "lat"=>"{:id=>:lat}", "lng"=>"{:id=>:lng}", "commit"=>"Save"} and HTTP headers {"HTTP_REFERER"=>"/profiles/1/edit"}
REQUESTING PAGE: GET /login with {} and HTTP headers {}
REQUESTING PAGE: POST /users/sign_in with {"utf8"=>"\xE2\x9C\x93", "user"=>{"email"=>"test2@email.com", "password"=>"secret", "remember_me"=>"0"}, "commit"=>"Sign in"} and HTTP headers {"HTTP_REFERER"=>"/login"}
REQUESTING PAGE: GET / with {} and HTTP headers {"HTTP_REFERER"=>"/users/sign_in"}
REQUESTING PAGE: GET /profiles/1 with {} and HTTP headers {"HTTP_REFERER"=>"/"}
REQUESTING PAGE: GET /profiles/1/edit with {} and HTTP headers {"HTTP_REFERER"=>"/profiles/1"}
REQUESTING PAGE: POST /profiles/1 with {"utf8"=>"\xE2\x9C\x93", "_method"=>"put", "profile"=>{"name"=>""}, "description"=>"Houston, TX", "lat"=>"10.0", "lng"=>"30.0", "commit"=>"Save"} and HTTP headers {"HTTP_REFERER"=>"/profiles/1/edit"}
REQUESTING PAGE: GET /login with {} and HTTP headers {}
REQUESTING PAGE: POST /users/sign_in with {"utf8"=>"\xE2\x9C\x93", "user"=>{"email"=>"test1@email.com", "password"=>"secret", "remember_me"=>"0"}, "commit"=>"Sign in"} and HTTP headers {"HTTP_REFERER"=>"/login"}
REQUESTING PAGE: GET / with {} and HTTP headers {"HTTP_REFERER"=>"/users/sign_in"}
REQUESTING PAGE: GET /profiles/1 with {} and HTTP headers {"HTTP_REFERER"=>"/"}
REQUESTING PAGE: GET /profiles/1/edit with {} and HTTP headers {"HTTP_REFERER"=>"/profiles/1"}
REQUESTING PAGE: POST /profiles/1 with {"utf8"=>"\xE2\x9C\x93", "_method"=>"put", "profile"=>{"name"=>"John"}, "description"=>"", "lat"=>"{:id=>:lat}", "lng"=>"{:id=>:lng}", "commit"=>"Save"} and HTTP headers {"HTTP_REFERER"=>"/profiles/1/edit"}
REQUESTING PAGE: GET /login with {} and HTTP headers {}
REQUESTING PAGE: POST /users/sign_in with {"utf8"=>"\xE2\x9C\x93", "user"=>{"email"=>"test2@email.com", "password"=>"secret", "remember_me"=>"0"}, "commit"=>"Sign in"} and HTTP headers {"HTTP_REFERER"=>"/login"}
REQUESTING PAGE: GET / with {} and HTTP headers {"HTTP_REFERER"=>"/users/sign_in"}
REQUESTING PAGE: GET /profiles/1 with {} and HTTP headers {"HTTP_REFERER"=>"/"}
REQUESTING PAGE: GET /profiles/1/edit with {} and HTTP headers {"HTTP_REFERER"=>"/profiles/1"}
REQUESTING PAGE: POST /profiles/1 with {"utf8"=>"\xE2\x9C\x93", "_method"=>"put", "profile"=>{"name"=>""}, "description"=>"Houston, TX", "lat"=>"10.0", "lng"=>"30.0", "commit"=>"Save"} and HTTP headers {"HTTP_REFERER"=>"/profiles/1/edit"}
REQUESTING PAGE: GET /login with {} and HTTP headers {}
REQUESTING PAGE: POST /users/sign_in with {"utf8"=>"\xE2\x9C\x93", "user"=>{"email"=>"test1@email.com", "password"=>"secret", "remember_me"=>"0"}, "commit"=>"Sign in"} and HTTP headers {"HTTP_REFERER"=>"/login"}
REQUESTING PAGE: GET / with {} and HTTP headers {"HTTP_REFERER"=>"/users/sign_in"}
REQUESTING PAGE: GET /profiles/1 with {} and HTTP headers {"HTTP_REFERER"=>"/"}
REQUESTING PAGE: GET /profiles/1/edit with {} and HTTP headers {"HTTP_REFERER"=>"/profiles/1"}
REQUESTING PAGE: POST /profiles/1 with {"utf8"=>"\xE2\x9C\x93", "_method"=>"put", "profile"=>{"name"=>"John"}, "description"=>"", "lat"=>"{:id=>:lat}", "lng"=>"{:id=>:lng}", "commit"=>"Save"} and HTTP headers {"HTTP_REFERER"=>"/profiles/1/edit"}
REQUESTING PAGE: GET /login with {} and HTTP headers {}
REQUESTING PAGE: POST /users/sign_in with {"utf8"=>"\xE2\x9C\x93", "user"=>{"email"=>"test2@email.com", "password"=>"secret", "remember_me"=>"0"}, "commit"=>"Sign in"} and HTTP headers {"HTTP_REFERER"=>"/login"}
REQUESTING PAGE: GET / with {} and HTTP headers {"HTTP_REFERER"=>"/users/sign_in"}
REQUESTING PAGE: GET /profiles/1 with {} and HTTP headers {"HTTP_REFERER"=>"/"}
REQUESTING PAGE: GET /profiles/1/edit with {} and HTTP headers {"HTTP_REFERER"=>"/profiles/1"}
REQUESTING PAGE: POST /profiles/1 with {"utf8"=>"\xE2\x9C\x93", "_method"=>"put", "profile"=>{"name"=>""}, "description"=>"Houston, TX", "lat"=>"10.0", "lng"=>"30.0", "commit"=>"Save"} and HTTP headers {"HTTP_REFERER"=>"/profiles/1/edit"}
REQUESTING PAGE: GET /login with {} and HTTP headers {}
REQUESTING PAGE: POST /users/sign_in with {"utf8"=>"\xE2\x9C\x93", "user"=>{"email"=>"test1@email.com", "password"=>"secret", "remember_me"=>"0"}, "commit"=>"Sign in"} and HTTP headers {"HTTP_REFERER"=>"/login"}
REQUESTING PAGE: GET / with {} and HTTP headers {"HTTP_REFERER"=>"/users/sign_in"}
REQUESTING PAGE: GET /profiles/1 with {} and HTTP headers {"HTTP_REFERER"=>"/"}
REQUESTING PAGE: GET /profiles/1/edit with {} and HTTP headers {"HTTP_REFERER"=>"/profiles/1"}
REQUESTING PAGE: POST /profiles/1 with {"utf8"=>"\xE2\x9C\x93", "_method"=>"put", "profile"=>{"name"=>"John"}, "description"=>"", "lat"=>"{:id=>:lat}", "lng"=>"{:id=>:lng}", "commit"=>"Save"} and HTTP headers {"HTTP_REFERER"=>"/profiles/1/edit"}
REQUESTING PAGE: GET /profiles/1 with {} and HTTP headers {"HTTP_REFERER"=>"/profiles/1"}
REQUESTING PAGE: GET /login with {} and HTTP headers {}
REQUESTING PAGE: POST /users/sign_in with {"utf8"=>"\xE2\x9C\x93", "user"=>{"email"=>"test2@email.com", "password"=>"secret", "remember_me"=>"0"}, "commit"=>"Sign in"} and HTTP headers {"HTTP_REFERER"=>"/login"}
REQUESTING PAGE: GET / with {} and HTTP headers {"HTTP_REFERER"=>"/users/sign_in"}
REQUESTING PAGE: GET /profiles/1 with {} and HTTP headers {"HTTP_REFERER"=>"/"}
REQUESTING PAGE: GET /profiles/1/edit with {} and HTTP headers {"HTTP_REFERER"=>"/profiles/1"}
REQUESTING PAGE: POST /profiles/1 with {"utf8"=>"\xE2\x9C\x93", "_method"=>"put", "profile"=>{"name"=>""}, "description"=>"Houston, TX", "lat"=>"10.0", "lng"=>"30.0", "commit"=>"Save"} and HTTP headers {"HTTP_REFERER"=>"/profiles/1/edit"}
REQUESTING PAGE: GET /profiles/1 with {} and HTTP headers {"HTTP_REFERER"=>"/profiles/1"}
REQUESTING PAGE: GET /login with {} and HTTP headers {}
REQUESTING PAGE: POST /users/sign_in with {"utf8"=>"\xE2\x9C\x93", "user"=>{"email"=>"test1@email.com", "password"=>"secret", "remember_me"=>"0"}, "commit"=>"Sign in"} and HTTP headers {"HTTP_REFERER"=>"/login"}
REQUESTING PAGE: GET / with {} and HTTP headers {"HTTP_REFERER"=>"/users/sign_in"}
REQUESTING PAGE: GET /profiles/1 with {} and HTTP headers {"HTTP_REFERER"=>"/"}
REQUESTING PAGE: GET /profiles/1/edit with {} and HTTP headers {"HTTP_REFERER"=>"/profiles/1"}
REQUESTING PAGE: POST /profiles/1 with {"utf8"=>"\xE2\x9C\x93", "_method"=>"put", "profile"=>{"name"=>"John"}, "description"=>"", "lat"=>"{:id=>:lat}", "lng"=>"{:id=>:lng}", "commit"=>"Save"} and HTTP headers {"HTTP_REFERER"=>"/profiles/1/edit"}
REQUESTING PAGE: GET /profiles/1 with {} and HTTP headers {"HTTP_REFERER"=>"/profiles/1"}
REQUESTING PAGE: GET /login with {} and HTTP headers {}
REQUESTING PAGE: POST /users/sign_in with {"utf8"=>"\xE2\x9C\x93", "user"=>{"email"=>"test2@email.com", "password"=>"secret", "remember_me"=>"0"}, "commit"=>"Sign in"} and HTTP headers {"HTTP_REFERER"=>"/login"}
REQUESTING PAGE: GET / with {} and HTTP headers {"HTTP_REFERER"=>"/users/sign_in"}
REQUESTING PAGE: GET /profiles/1 with {} and HTTP headers {"HTTP_REFERER"=>"/"}
REQUESTING PAGE: GET /profiles/1/edit with {} and HTTP headers {"HTTP_REFERER"=>"/profiles/1"}
REQUESTING PAGE: POST /profiles/1 with {"utf8"=>"\xE2\x9C\x93", "_method"=>"put", "profile"=>{"name"=>""}, "description"=>"Houston, TX", "lat"=>"10.0", "lng"=>"30.0", "commit"=>"Save"} and HTTP headers {"HTTP_REFERER"=>"/profiles/1/edit"}
REQUESTING PAGE: GET /profiles/1 with {} and HTTP headers {"HTTP_REFERER"=>"/profiles/1"}
REQUESTING PAGE: GET /login with {} and HTTP headers {}
REQUESTING PAGE: POST /users/sign_in with {"utf8"=>"\xE2\x9C\x93", "user"=>{"email"=>"test1@email.com", "password"=>"secret", "remember_me"=>"0"}, "commit"=>"Sign in"} and HTTP headers {"HTTP_REFERER"=>"/login"}
REQUESTING PAGE: GET / with {} and HTTP headers {"HTTP_REFERER"=>"/users/sign_in"}
REQUESTING PAGE: GET /profiles/1 with {} and HTTP headers {"HTTP_REFERER"=>"/"}
REQUESTING PAGE: GET /profiles/1/edit with {} and HTTP headers {"HTTP_REFERER"=>"/profiles/1"}
REQUESTING PAGE: POST /profiles/1 with {"utf8"=>"\xE2\x9C\x93", "_method"=>"put", "profile"=>{"name"=>"John"}, "description"=>"", "lat"=>"{:id=>:lat}", "lng"=>"{:id=>:lng}", "commit"=>"Save"} and HTTP headers {"HTTP_REFERER"=>"/profiles/1/edit"}
REQUESTING PAGE: GET /profiles/1 with {} and HTTP headers {"HTTP_REFERER"=>"/profiles/1"}
REQUESTING PAGE: GET /login with {} and HTTP headers {}
REQUESTING PAGE: POST /users/sign_in with {"utf8"=>"\xE2\x9C\x93", "user"=>{"email"=>"test2@email.com", "password"=>"secret", "remember_me"=>"0"}, "commit"=>"Sign in"} and HTTP headers {"HTTP_REFERER"=>"/login"}
REQUESTING PAGE: GET / with {} and HTTP headers {"HTTP_REFERER"=>"/users/sign_in"}
REQUESTING PAGE: GET /profiles/1 with {} and HTTP headers {"HTTP_REFERER"=>"/"}
REQUESTING PAGE: GET /profiles/1/edit with {} and HTTP headers {"HTTP_REFERER"=>"/profiles/1"}
REQUESTING PAGE: POST /profiles/1 with {"utf8"=>"\xE2\x9C\x93", "_method"=>"put", "profile"=>{"name"=>""}, "description"=>"Houston, TX", "lat"=>"10.0", "lng"=>"30.0", "commit"=>"Save"} and HTTP headers {"HTTP_REFERER"=>"/profiles/1/edit"}
REQUESTING PAGE: GET /profiles/1 with {} and HTTP headers {"HTTP_REFERER"=>"/profiles/1"}
REQUESTING PAGE: GET /login with {} and HTTP headers {}
REQUESTING PAGE: POST /users/sign_in with {"utf8"=>"\xE2\x9C\x93", "user"=>{"email"=>"test1@email.com", "password"=>"secret", "remember_me"=>"0"}, "commit"=>"Sign in"} and HTTP headers {"HTTP_REFERER"=>"/login"}
REQUESTING PAGE: GET / with {} and HTTP headers {"HTTP_REFERER"=>"/users/sign_in"}
REQUESTING PAGE: GET /profiles/1 with {} and HTTP headers {"HTTP_REFERER"=>"/"}
REQUESTING PAGE: GET /profiles/1/edit with {} and HTTP headers {"HTTP_REFERER"=>"/profiles/1"}
REQUESTING PAGE: POST /profiles/1 with {"utf8"=>"\xE2\x9C\x93", "_method"=>"put", "profile"=>{"name"=>"John"}, "description"=>"", "lat"=>"{:id=>:lat}", "lng"=>"{:id=>:lng}", "commit"=>"Save"} and HTTP headers {"HTTP_REFERER"=>"/profiles/1/edit"}
REQUESTING PAGE: GET /profiles/1 with {} and HTTP headers {"HTTP_REFERER"=>"/profiles/1"}
REQUESTING PAGE: GET /login with {} and HTTP headers {}
REQUESTING PAGE: POST /users/sign_in with {"utf8"=>"\xE2\x9C\x93", "user"=>{"email"=>"test2@email.com", "password"=>"secret", "remember_me"=>"0"}, "commit"=>"Sign in"} and HTTP headers {"HTTP_REFERER"=>"/login"}
REQUESTING PAGE: GET / with {} and HTTP headers {"HTTP_REFERER"=>"/users/sign_in"}
REQUESTING PAGE: GET /profiles/1 with {} and HTTP headers {"HTTP_REFERER"=>"/"}
REQUESTING PAGE: GET /profiles/1/edit with {} and HTTP headers {"HTTP_REFERER"=>"/profiles/1"}
REQUESTING PAGE: POST /profiles/1 with {"utf8"=>"\xE2\x9C\x93", "_method"=>"put", "profile"=>{"name"=>""}, "description"=>"Houston, TX", "lat"=>"10.0", "lng"=>"30.0", "commit"=>"Save"} and HTTP headers {"HTTP_REFERER"=>"/profiles/1/edit"}
REQUESTING PAGE: GET /profiles/1 with {} and HTTP headers {"HTTP_REFERER"=>"/profiles/1"}
REQUESTING PAGE: GET /login with {} and HTTP headers {}
REQUESTING PAGE: POST /users/sign_in with {"utf8"=>"\xE2\x9C\x93", "user"=>{"email"=>"test1@email.com", "password"=>"secret", "remember_me"=>"0"}, "commit"=>"Sign in"} and HTTP headers {"HTTP_REFERER"=>"/login"}
REQUESTING PAGE: GET / with {} and HTTP headers {"HTTP_REFERER"=>"/users/sign_in"}
REQUESTING PAGE: GET /profiles/1 with {} and HTTP headers {"HTTP_REFERER"=>"/"}
REQUESTING PAGE: GET /profiles/1/edit with {} and HTTP headers {"HTTP_REFERER"=>"/profiles/1"}
REQUESTING PAGE: POST /profiles/1 with {"utf8"=>"\xE2\x9C\x93", "_method"=>"put", "profile"=>{"name"=>"John"}, "description"=>"", "lat"=>"{:id=>:lat}", "lng"=>"{:id=>:lng}", "commit"=>"Save"} and HTTP headers {"HTTP_REFERER"=>"/profiles/1/edit"}
REQUESTING PAGE: GET /profiles/1 with {} and HTTP headers {"HTTP_REFERER"=>"/profiles/1"}
REQUESTING PAGE: GET /login with {} and HTTP headers {}
REQUESTING PAGE: POST /users/sign_in with {"utf8"=>"\xE2\x9C\x93", "user"=>{"email"=>"test2@email.com", "password"=>"secret", "remember_me"=>"0"}, "commit"=>"Sign in"} and HTTP headers {"HTTP_REFERER"=>"/login"}
REQUESTING PAGE: GET / with {} and HTTP headers {"HTTP_REFERER"=>"/users/sign_in"}
REQUESTING PAGE: GET /profiles/1 with {} and HTTP headers {"HTTP_REFERER"=>"/"}
REQUESTING PAGE: GET /profiles/1/edit with {} and HTTP headers {"HTTP_REFERER"=>"/profiles/1"}
REQUESTING PAGE: POST /profiles/1 with {"utf8"=>"\xE2\x9C\x93", "_method"=>"put", "profile"=>{"name"=>""}, "description"=>"Houston, TX", "lat"=>"10.0", "lng"=>"30.0", "commit"=>"Save"} and HTTP headers {"HTTP_REFERER"=>"/profiles/1/edit"}
REQUESTING PAGE: GET /profiles/1 with {} and HTTP headers {"HTTP_REFERER"=>"/profiles/1"}
REQUESTING PAGE: GET /login with {} and HTTP headers {}
REQUESTING PAGE: POST /users/sign_in with {"utf8"=>"\xE2\x9C\x93", "user"=>{"email"=>"test1@email.com", "password"=>"secret", "remember_me"=>"0"}, "commit"=>"Sign in"} and HTTP headers {"HTTP_REFERER"=>"/login"}
REQUESTING PAGE: GET / with {} and HTTP headers {"HTTP_REFERER"=>"/users/sign_in"}
REQUESTING PAGE: GET /profiles/1 with {} and HTTP headers {"HTTP_REFERER"=>"/"}
REQUESTING PAGE: GET /profiles/1/edit with {} and HTTP headers {"HTTP_REFERER"=>"/profiles/1"}
REQUESTING PAGE: POST /profiles/1 with {"utf8"=>"\xE2\x9C\x93", "_method"=>"put", "profile"=>{"name"=>"John"}, "description"=>"", "lat"=>"{:id=>:lat}", "lng"=>"{:id=>:lng}", "commit"=>"Save"} and HTTP headers {"HTTP_REFERER"=>"/profiles/1/edit"}
REQUESTING PAGE: GET /profiles/1 with {} and HTTP headers {"HTTP_REFERER"=>"/profiles/1"}
REQUESTING PAGE: GET /login with {} and HTTP headers {}
REQUESTING PAGE: POST /users/sign_in with {"utf8"=>"\xE2\x9C\x93", "user"=>{"email"=>"test2@email.com", "password"=>"secret", "remember_me"=>"0"}, "commit"=>"Sign in"} and HTTP headers {"HTTP_REFERER"=>"/login"}
REQUESTING PAGE: GET / with {} and HTTP headers {"HTTP_REFERER"=>"/users/sign_in"}
REQUESTING PAGE: GET /profiles/1 with {} and HTTP headers {"HTTP_REFERER"=>"/"}
REQUESTING PAGE: GET /profiles/1/edit with {} and HTTP headers {"HTTP_REFERER"=>"/profiles/1"}
REQUESTING PAGE: POST /profiles/1 with {"utf8"=>"\xE2\x9C\x93", "_method"=>"put", "profile"=>{"name"=>""}, "description"=>"Houston, TX", "lat"=>"10.0", "lng"=>"30.0", "commit"=>"Save"} and HTTP headers {"HTTP_REFERER"=>"/profiles/1/edit"}
REQUESTING PAGE: GET /profiles/1 with {} and HTTP headers {"HTTP_REFERER"=>"/profiles/1"}
REQUESTING PAGE: GET /login with {} and HTTP headers {}
REQUESTING PAGE: POST /users/sign_in with {"utf8"=>"\xE2\x9C\x93", "user"=>{"email"=>"test1@email.com", "password"=>"secret", "remember_me"=>"0"}, "commit"=>"Sign in"} and HTTP headers {"HTTP_REFERER"=>"/login"}
REQUESTING PAGE: GET / with {} and HTTP headers {"HTTP_REFERER"=>"/users/sign_in"}
REQUESTING PAGE: GET /profiles/1 with {} and HTTP headers {"HTTP_REFERER"=>"/"}
REQUESTING PAGE: GET /profiles/1/edit with {} and HTTP headers {"HTTP_REFERER"=>"/profiles/1"}
REQUESTING PAGE: POST /profiles/1 with {"utf8"=>"\xE2\x9C\x93", "_method"=>"put", "profile"=>{"name"=>"John"}, "description"=>"", "lat"=>"{:id=>:lat}", "lng"=>"{:id=>:lng}", "commit"=>"Save"} and HTTP headers {"HTTP_REFERER"=>"/profiles/1/edit"}
REQUESTING PAGE: GET /profiles/1 with {} and HTTP headers {"HTTP_REFERER"=>"/profiles/1"}
REQUESTING PAGE: GET /login with {} and HTTP headers {}
REQUESTING PAGE: POST /users/sign_in with {"utf8"=>"\xE2\x9C\x93", "user"=>{"email"=>"test2@email.com", "password"=>"secret", "remember_me"=>"0"}, "commit"=>"Sign in"} and HTTP headers {"HTTP_REFERER"=>"/login"}
REQUESTING PAGE: GET / with {} and HTTP headers {"HTTP_REFERER"=>"/users/sign_in"}
REQUESTING PAGE: GET /profiles/1 with {} and HTTP headers {"HTTP_REFERER"=>"/"}
REQUESTING PAGE: GET /profiles/1/edit with {} and HTTP headers {"HTTP_REFERER"=>"/profiles/1"}
REQUESTING PAGE: POST /profiles/1 with {"utf8"=>"\xE2\x9C\x93", "_method"=>"put", "profile"=>{"name"=>""}, "description"=>"Houston, TX", "lat"=>"10.0", "lng"=>"30.0", "commit"=>"Save"} and HTTP headers {"HTTP_REFERER"=>"/profiles/1/edit"}
REQUESTING PAGE: GET /profiles/1 with {} and HTTP headers {"HTTP_REFERER"=>"/profiles/1"}
REQUESTING PAGE: GET /login with {} and HTTP headers {}
REQUESTING PAGE: POST /users/sign_in with {"utf8"=>"\xE2\x9C\x93", "user"=>{"email"=>"test1@email.com", "password"=>"secret", "remember_me"=>"0"}, "commit"=>"Sign in"} and HTTP headers {"HTTP_REFERER"=>"/login"}
REQUESTING PAGE: GET / with {} and HTTP headers {"HTTP_REFERER"=>"/users/sign_in"}
REQUESTING PAGE: GET /profiles/1 with {} and HTTP headers {"HTTP_REFERER"=>"/"}
REQUESTING PAGE: GET /profiles/1/edit with {} and HTTP headers {"HTTP_REFERER"=>"/profiles/1"}
REQUESTING PAGE: POST /profiles/1 with {"utf8"=>"\xE2\x9C\x93", "_method"=>"put", "profile"=>{"name"=>"John"}, "description"=>"", "lat"=>"{:id=>:lat}", "lng"=>"{:id=>:lng}", "commit"=>"Save"} and HTTP headers {"HTTP_REFERER"=>"/profiles/1/edit"}
REQUESTING PAGE: GET /profiles/1 with {} and HTTP headers {"HTTP_REFERER"=>"/profiles/1"}
REQUESTING PAGE: GET /login with {} and HTTP headers {}
REQUESTING PAGE: POST /users/sign_in with {"utf8"=>"\xE2\x9C\x93", "user"=>{"email"=>"test2@email.com", "password"=>"secret", "remember_me"=>"0"}, "commit"=>"Sign in"} and HTTP headers {"HTTP_REFERER"=>"/login"}
REQUESTING PAGE: GET / with {} and HTTP headers {"HTTP_REFERER"=>"/users/sign_in"}
REQUESTING PAGE: GET /profiles/1 with {} and HTTP headers {"HTTP_REFERER"=>"/"}
REQUESTING PAGE: GET /profiles/1/edit with {} and HTTP headers {"HTTP_REFERER"=>"/profiles/1"}
REQUESTING PAGE: POST /profiles/1 with {"utf8"=>"\xE2\x9C\x93", "_method"=>"put", "profile"=>{"name"=>""}, "description"=>"Houston, TX", "lat"=>"10.0", "lng"=>"30.0", "commit"=>"Save"} and HTTP headers {"HTTP_REFERER"=>"/profiles/1/edit"}
REQUESTING PAGE: GET /login with {} and HTTP headers {}
REQUESTING PAGE: POST /users/sign_in with {"utf8"=>"\xE2\x9C\x93", "user"=>{"email"=>"test1@email.com", "password"=>"secret", "remember_me"=>"0"}, "commit"=>"Sign in"} and HTTP headers {"HTTP_REFERER"=>"/login"}
REQUESTING PAGE: GET / with {} and HTTP headers {"HTTP_REFERER"=>"/users/sign_in"}
REQUESTING PAGE: GET /profiles/1 with {} and HTTP headers {"HTTP_REFERER"=>"/"}
REQUESTING PAGE: GET /profiles/1/edit with {} and HTTP headers {"HTTP_REFERER"=>"/profiles/1"}
REQUESTING PAGE: POST /profiles/1 with {"utf8"=>"\xE2\x9C\x93", "_method"=>"put", "profile"=>{"name"=>"John"}, "description"=>"", "lat"=>"{:id=>:lat}", "lng"=>"{:id=>:lng}", "commit"=>"Save"} and HTTP headers {"HTTP_REFERER"=>"/profiles/1/edit"}
REQUESTING PAGE: GET /profiles/1 with {} and HTTP headers {"HTTP_REFERER"=>"/profiles/1"}
REQUESTING PAGE: GET /login with {} and HTTP headers {}
REQUESTING PAGE: POST /users/sign_in with {"utf8"=>"\xE2\x9C\x93", "user"=>{"email"=>"test2@email.com", "password"=>"secret", "remember_me"=>"0"}, "commit"=>"Sign in"} and HTTP headers {"HTTP_REFERER"=>"/login"}
REQUESTING PAGE: GET / with {} and HTTP headers {"HTTP_REFERER"=>"/users/sign_in"}
REQUESTING PAGE: GET /profiles/1 with {} and HTTP headers {"HTTP_REFERER"=>"/"}
REQUESTING PAGE: GET /profiles/1/edit with {} and HTTP headers {"HTTP_REFERER"=>"/profiles/1"}
REQUESTING PAGE: POST /profiles/1 with {"utf8"=>"\xE2\x9C\x93", "_method"=>"put", "profile"=>{"name"=>""}, "description"=>"Houston, TX", "lat"=>"10.0", "lng"=>"30.0", "commit"=>"Save"} and HTTP headers {"HTTP_REFERER"=>"/profiles/1/edit"}
REQUESTING PAGE: GET /profiles/1 with {} and HTTP headers {"HTTP_REFERER"=>"/profiles/1"}
REQUESTING PAGE: GET /login with {} and HTTP headers {}
REQUESTING PAGE: POST /users/sign_in with {"utf8"=>"\xE2\x9C\x93", "user"=>{"email"=>"test1@email.com", "password"=>"secret", "remember_me"=>"0"}, "commit"=>"Sign in"} and HTTP headers {"HTTP_REFERER"=>"/login"}
REQUESTING PAGE: GET / with {} and HTTP headers {"HTTP_REFERER"=>"/users/sign_in"}
REQUESTING PAGE: GET /profiles/1 with {} and HTTP headers {"HTTP_REFERER"=>"/"}
REQUESTING PAGE: GET /profiles/1/edit with {} and HTTP headers {"HTTP_REFERER"=>"/profiles/1"}
REQUESTING PAGE: POST /profiles/1 with {"utf8"=>"\xE2\x9C\x93", "_method"=>"put", "profile"=>{"name"=>"John"}, "description"=>"", "lat"=>"{:id=>:lat}", "lng"=>"{:id=>:lng}", "commit"=>"Save"} and HTTP headers {"HTTP_REFERER"=>"/profiles/1/edit"}
REQUESTING PAGE: GET /profiles/1 with {} and HTTP headers {"HTTP_REFERER"=>"/profiles/1"}
REQUESTING PAGE: GET /login with {} and HTTP headers {}
REQUESTING PAGE: POST /users/sign_in with {"utf8"=>"\xE2\x9C\x93", "user"=>{"email"=>"test2@email.com", "password"=>"secret", "remember_me"=>"0"}, "commit"=>"Sign in"} and HTTP headers {"HTTP_REFERER"=>"/login"}
REQUESTING PAGE: GET / with {} and HTTP headers {"HTTP_REFERER"=>"/users/sign_in"}
REQUESTING PAGE: GET /profiles/1 with {} and HTTP headers {"HTTP_REFERER"=>"/"}
REQUESTING PAGE: GET /profiles/1/edit with {} and HTTP headers {"HTTP_REFERER"=>"/profiles/1"}
REQUESTING PAGE: POST /profiles/1 with {"utf8"=>"\xE2\x9C\x93", "_method"=>"put", "profile"=>{"name"=>""}, "description"=>"Houston, TX", "lat"=>"10.0", "lng"=>"30.0", "commit"=>"Save"} and HTTP headers {"HTTP_REFERER"=>"/profiles/1/edit"}
REQUESTING PAGE: GET /profiles/1 with {} and HTTP headers {"HTTP_REFERER"=>"/profiles/1"}
REQUESTING PAGE: GET /login with {} and HTTP headers {}
REQUESTING PAGE: POST /users/sign_in with {"utf8"=>"\xE2\x9C\x93", "user"=>{"email"=>"test1@email.com", "password"=>"secret", "remember_me"=>"0"}, "commit"=>"Sign in"} and HTTP headers {"HTTP_REFERER"=>"/login"}
REQUESTING PAGE: GET / with {} and HTTP headers {"HTTP_REFERER"=>"/users/sign_in"}
REQUESTING PAGE: GET /profiles/1 with {} and HTTP headers {"HTTP_REFERER"=>"/"}
REQUESTING PAGE: GET /profiles/1/edit with {} and HTTP headers {"HTTP_REFERER"=>"/profiles/1"}
REQUESTING PAGE: POST /profiles/1 with {"utf8"=>"\xE2\x9C\x93", "_method"=>"put", "profile"=>{"name"=>"John"}, "description"=>"", "lat"=>"{:id=>:lat}", "lng"=>"{:id=>:lng}", "commit"=>"Save"} and HTTP headers {"HTTP_REFERER"=>"/profiles/1/edit"}
REQUESTING PAGE: GET /profiles/1 with {} and HTTP headers {"HTTP_REFERER"=>"/profiles/1"}
REQUESTING PAGE: GET /login with {} and HTTP headers {}
REQUESTING PAGE: POST /users/sign_in with {"utf8"=>"\xE2\x9C\x93", "user"=>{"email"=>"test2@email.com", "password"=>"secret", "remember_me"=>"0"}, "commit"=>"Sign in"} and HTTP headers {"HTTP_REFERER"=>"/login"}
REQUESTING PAGE: GET / with {} and HTTP headers {"HTTP_REFERER"=>"/users/sign_in"}
REQUESTING PAGE: GET /profiles/1 with {} and HTTP headers {"HTTP_REFERER"=>"/"}
REQUESTING PAGE: GET /profiles/1/edit with {} and HTTP headers {"HTTP_REFERER"=>"/profiles/1"}
REQUESTING PAGE: POST /profiles/1 with {"utf8"=>"\xE2\x9C\x93", "_method"=>"put", "profile"=>{"name"=>""}, "description"=>"Houston, TX", "lat"=>"10.0", "lng"=>"30.0", "commit"=>"Save"} and HTTP headers {"HTTP_REFERER"=>"/profiles/1/edit"}
REQUESTING PAGE: GET /profiles/1 with {} and HTTP headers {"HTTP_REFERER"=>"/profiles/1"}
REQUESTING PAGE: GET /login with {} and HTTP headers {}
REQUESTING PAGE: POST /users/sign_in with {"utf8"=>"\xE2\x9C\x93", "user"=>{"email"=>"test1@email.com", "password"=>"secret", "remember_me"=>"0"}, "commit"=>"Sign in"} and HTTP headers {"HTTP_REFERER"=>"/login"}
REQUESTING PAGE: GET / with {} and HTTP headers {"HTTP_REFERER"=>"/users/sign_in"}
REQUESTING PAGE: GET /profiles/1 with {} and HTTP headers {"HTTP_REFERER"=>"/"}
REQUESTING PAGE: GET /profiles/1/edit with {} and HTTP headers {"HTTP_REFERER"=>"/profiles/1"}
REQUESTING PAGE: POST /profiles/1 with {"utf8"=>"\xE2\x9C\x93", "_method"=>"put", "profile"=>{"name"=>"John"}, "description"=>"", "lat"=>"{:id=>:lat}", "lng"=>"{:id=>:lng}", "commit"=>"Save"} and HTTP headers {"HTTP_REFERER"=>"/profiles/1/edit"}
REQUESTING PAGE: GET /profiles/1 with {} and HTTP headers {"HTTP_REFERER"=>"/profiles/1"}
REQUESTING PAGE: GET /login with {} and HTTP headers {}
REQUESTING PAGE: POST /users/sign_in with {"utf8"=>"\xE2\x9C\x93", "user"=>{"email"=>"test2@email.com", "password"=>"secret", "remember_me"=>"0"}, "commit"=>"Sign in"} and HTTP headers {"HTTP_REFERER"=>"/login"}
REQUESTING PAGE: GET / with {} and HTTP headers {"HTTP_REFERER"=>"/users/sign_in"}
REQUESTING PAGE: GET /profiles/1 with {} and HTTP headers {"HTTP_REFERER"=>"/"}
REQUESTING PAGE: GET /profiles/1/edit with {} and HTTP headers {"HTTP_REFERER"=>"/profiles/1"}
REQUESTING PAGE: POST /profiles/1 with {"utf8"=>"\xE2\x9C\x93", "_method"=>"put", "profile"=>{"name"=>""}, "description"=>"Houston, TX", "lat"=>"10.0", "lng"=>"30.0", "commit"=>"Save"} and HTTP headers {"HTTP_REFERER"=>"/profiles/1/edit"}
REQUESTING PAGE: GET /profiles/1 with {} and HTTP headers {"HTTP_REFERER"=>"/profiles/1"}
REQUESTING PAGE: GET /login with {} and HTTP headers {}
REQUESTING PAGE: POST /users/sign_in with {"utf8"=>"\xE2\x9C\x93", "user"=>{"email"=>"test1@email.com", "password"=>"secret", "remember_me"=>"0"}, "commit"=>"Sign in"} and HTTP headers {"HTTP_REFERER"=>"/login"}
REQUESTING PAGE: GET / with {} and HTTP headers {"HTTP_REFERER"=>"/users/sign_in"}
REQUESTING PAGE: GET /profiles/1 with {} and HTTP headers {"HTTP_REFERER"=>"/"}
REQUESTING PAGE: GET /profiles/1/edit with {} and HTTP headers {"HTTP_REFERER"=>"/profiles/1"}
REQUESTING PAGE: POST /profiles/1 with {"utf8"=>"\xE2\x9C\x93", "_method"=>"put", "profile"=>{"name"=>"John"}, "description"=>"", "lat"=>"{:id=>:lat}", "lng"=>"{:id=>:lng}", "commit"=>"Save"} and HTTP headers {"HTTP_REFERER"=>"/profiles/1/edit"}
REQUESTING PAGE: GET /profiles/1 with {} and HTTP headers {"HTTP_REFERER"=>"/profiles/1"}
REQUESTING PAGE: GET /login with {} and HTTP headers {}
REQUESTING PAGE: POST /users/sign_in with {"utf8"=>"\xE2\x9C\x93", "user"=>{"email"=>"test2@email.com", "password"=>"secret", "remember_me"=>"0"}, "commit"=>"Sign in"} and HTTP headers {"HTTP_REFERER"=>"/login"}
REQUESTING PAGE: GET / with {} and HTTP headers {"HTTP_REFERER"=>"/users/sign_in"}
REQUESTING PAGE: GET /profiles/1 with {} and HTTP headers {"HTTP_REFERER"=>"/"}
REQUESTING PAGE: GET /profiles/1/edit with {} and HTTP headers {"HTTP_REFERER"=>"/profiles/1"}
REQUESTING PAGE: POST /profiles/1 with {"utf8"=>"\xE2\x9C\x93", "_method"=>"put", "profile"=>{"name"=>""}, "description"=>"Houston, TX", "lat"=>"10.0", "lng"=>"30.0", "commit"=>"Save"} and HTTP headers {"HTTP_REFERER"=>"/profiles/1/edit"}
REQUESTING PAGE: GET /profiles/1 with {} and HTTP headers {"HTTP_REFERER"=>"/profiles/1"}
REQUESTING PAGE: GET /login with {} and HTTP headers {}
REQUESTING PAGE: POST /users/sign_in with {"utf8"=>"\xE2\x9C\x93", "user"=>{"email"=>"test1@email.com", "password"=>"secret", "remember_me"=>"0"}, "commit"=>"Sign in"} and HTTP headers {"HTTP_REFERER"=>"/login"}
REQUESTING PAGE: GET / with {} and HTTP headers {"HTTP_REFERER"=>"/users/sign_in"}
REQUESTING PAGE: GET /profiles/1 with {} and HTTP headers {"HTTP_REFERER"=>"/"}
REQUESTING PAGE: GET /profiles/1/edit with {} and HTTP headers {"HTTP_REFERER"=>"/profiles/1"}
REQUESTING PAGE: POST /profiles/1 with {"utf8"=>"\xE2\x9C\x93", "_method"=>"put", "profile"=>{"name"=>"John"}, "description"=>"", "lat"=>"{:id=>:lat}", "lng"=>"{:id=>:lng}", "commit"=>"Save"} and HTTP headers {"HTTP_REFERER"=>"/profiles/1/edit"}
REQUESTING PAGE: GET /profiles/1 with {} and HTTP headers {"HTTP_REFERER"=>"/profiles/1"}
REQUESTING PAGE: GET /login with {} and HTTP headers {}
REQUESTING PAGE: POST /users/sign_in with {"utf8"=>"\xE2\x9C\x93", "user"=>{"email"=>"test2@email.com", "password"=>"secret", "remember_me"=>"0"}, "commit"=>"Sign in"} and HTTP headers {"HTTP_REFERER"=>"/login"}
REQUESTING PAGE: GET / with {} and HTTP headers {"HTTP_REFERER"=>"/users/sign_in"}
REQUESTING PAGE: GET /profiles/1 with {} and HTTP headers {"HTTP_REFERER"=>"/"}
REQUESTING PAGE: GET /profiles/1/edit with {} and HTTP headers {"HTTP_REFERER"=>"/profiles/1"}
REQUESTING PAGE: POST /profiles/1 with {"utf8"=>"\xE2\x9C\x93", "_method"=>"put", "profile"=>{"name"=>""}, "description"=>"Houston, TX", "lat"=>"10.0", "lng"=>"30.0", "commit"=>"Save"} and HTTP headers {"HTTP_REFERER"=>"/profiles/1/edit"}
REQUESTING PAGE: GET /profiles/1 with {} and HTTP headers {"HTTP_REFERER"=>"/profiles/1"}
REQUESTING PAGE: GET /login with {} and HTTP headers {}
REQUESTING PAGE: POST /users/sign_in with {"utf8"=>"\xE2\x9C\x93", "user"=>{"email"=>"test1@email.com", "password"=>"secret", "remember_me"=>"0"}, "commit"=>"Sign in"} and HTTP headers {"HTTP_REFERER"=>"/login"}
REQUESTING PAGE: GET / with {} and HTTP headers {"HTTP_REFERER"=>"/users/sign_in"}
REQUESTING PAGE: GET /profiles/1 with {} and HTTP headers {"HTTP_REFERER"=>"/"}
REQUESTING PAGE: GET /profiles/1/edit with {} and HTTP headers {"HTTP_REFERER"=>"/profiles/1"}
REQUESTING PAGE: POST /profiles/1 with {"utf8"=>"\xE2\x9C\x93", "_method"=>"put", "profile"=>{"name"=>"John"}, "description"=>"", "lat"=>"{:id=>:lat}", "lng"=>"{:id=>:lng}", "commit"=>"Save"} and HTTP headers {"HTTP_REFERER"=>"/profiles/1/edit"}
REQUESTING PAGE: GET /profiles/1 with {} and HTTP headers {"HTTP_REFERER"=>"/profiles/1"}
REQUESTING PAGE: GET /login with {} and HTTP headers {}
REQUESTING PAGE: POST /users/sign_in with {"utf8"=>"\xE2\x9C\x93", "user"=>{"email"=>"test2@email.com", "password"=>"secret", "remember_me"=>"0"}, "commit"=>"Sign in"} and HTTP headers {"HTTP_REFERER"=>"/login"}
REQUESTING PAGE: GET / with {} and HTTP headers {"HTTP_REFERER"=>"/users/sign_in"}
REQUESTING PAGE: GET /profiles/1 with {} and HTTP headers {"HTTP_REFERER"=>"/"}
REQUESTING PAGE: GET /profiles/1/edit with {} and HTTP headers {"HTTP_REFERER"=>"/profiles/1"}
REQUESTING PAGE: POST /profiles/1 with {"utf8"=>"\xE2\x9C\x93", "_method"=>"put", "profile"=>{"name"=>""}, "description"=>"Houston, TX", "lat"=>"10.0", "lng"=>"30.0", "commit"=>"Save"} and HTTP headers {"HTTP_REFERER"=>"/profiles/1/edit"}
REQUESTING PAGE: GET /profiles/1 with {} and HTTP headers {"HTTP_REFERER"=>"/profiles/1"}
REQUESTING PAGE: GET /login with {} and HTTP headers {}
REQUESTING PAGE: POST /users/sign_in with {"utf8"=>"\xE2\x9C\x93", "user"=>{"email"=>"test1@email.com", "password"=>"secret", "remember_me"=>"0"}, "commit"=>"Sign in"} and HTTP headers {"HTTP_REFERER"=>"/login"}
REQUESTING PAGE: GET / with {} and HTTP headers {"HTTP_REFERER"=>"/users/sign_in"}
REQUESTING PAGE: GET /profiles/1 with {} and HTTP headers {"HTTP_REFERER"=>"/"}
REQUESTING PAGE: GET /profiles/1/edit with {} and HTTP headers {"HTTP_REFERER"=>"/profiles/1"}
REQUESTING PAGE: POST /profiles/1 with {"utf8"=>"\xE2\x9C\x93", "_method"=>"put", "profile"=>{"name"=>"John"}, "description"=>"", "lat"=>"{:id=>:lat}", "lng"=>"{:id=>:lng}", "commit"=>"Save"} and HTTP headers {"HTTP_REFERER"=>"/profiles/1/edit"}
REQUESTING PAGE: GET /profiles/1 with {} and HTTP headers {"HTTP_REFERER"=>"/profiles/1"}
REQUESTING PAGE: GET /login with {} and HTTP headers {}
REQUESTING PAGE: POST /users/sign_in with {"utf8"=>"\xE2\x9C\x93", "user"=>{"email"=>"test2@email.com", "password"=>"secret", "remember_me"=>"0"}, "commit"=>"Sign in"} and HTTP headers {"HTTP_REFERER"=>"/login"}
REQUESTING PAGE: GET / with {} and HTTP headers {"HTTP_REFERER"=>"/users/sign_in"}
REQUESTING PAGE: GET /profiles/1 with {} and HTTP headers {"HTTP_REFERER"=>"/"}
REQUESTING PAGE: GET /profiles/1/edit with {} and HTTP headers {"HTTP_REFERER"=>"/profiles/1"}
REQUESTING PAGE: POST /profiles/1 with {"utf8"=>"\xE2\x9C\x93", "_method"=>"put", "profile"=>{"name"=>""}, "description"=>"Houston, TX", "lat"=>"10.0", "lng"=>"30.0", "commit"=>"Save"} and HTTP headers {"HTTP_REFERER"=>"/profiles/1/edit"}
REQUESTING PAGE: GET /profiles/1 with {} and HTTP headers {"HTTP_REFERER"=>"/profiles/1"}
REQUESTING PAGE: GET /login with {} and HTTP headers {}
REQUESTING PAGE: POST /users/sign_in with {"utf8"=>"\xE2\x9C\x93", "user"=>{"email"=>"test1@email.com", "password"=>"secret", "remember_me"=>"0"}, "commit"=>"Sign in"} and HTTP headers {"HTTP_REFERER"=>"/login"}
REQUESTING PAGE: GET / with {} and HTTP headers {"HTTP_REFERER"=>"/users/sign_in"}
REQUESTING PAGE: GET /profiles/1 with {} and HTTP headers {"HTTP_REFERER"=>"/"}
REQUESTING PAGE: GET /profiles/1/edit with {} and HTTP headers {"HTTP_REFERER"=>"/profiles/1"}
REQUESTING PAGE: POST /profiles/1 with {"utf8"=>"\xE2\x9C\x93", "_method"=>"put", "profile"=>{"name"=>"John"}, "description"=>"", "lat"=>"{:id=>:lat}", "lng"=>"{:id=>:lng}", "commit"=>"Save"} and HTTP headers {"HTTP_REFERER"=>"/profiles/1/edit"}
REQUESTING PAGE: GET /profiles/1 with {} and HTTP headers {"HTTP_REFERER"=>"/profiles/1"}
REQUESTING PAGE: GET /login with {} and HTTP headers {}
REQUESTING PAGE: POST /users/sign_in with {"utf8"=>"\xE2\x9C\x93", "user"=>{"email"=>"test2@email.com", "password"=>"secret", "remember_me"=>"0"}, "commit"=>"Sign in"} and HTTP headers {"HTTP_REFERER"=>"/login"}
REQUESTING PAGE: GET / with {} and HTTP headers {"HTTP_REFERER"=>"/users/sign_in"}
REQUESTING PAGE: GET /profiles/1 with {} and HTTP headers {"HTTP_REFERER"=>"/"}
REQUESTING PAGE: GET /profiles/1/edit with {} and HTTP headers {"HTTP_REFERER"=>"/profiles/1"}
REQUESTING PAGE: POST /profiles/1 with {"utf8"=>"\xE2\x9C\x93", "_method"=>"put", "profile"=>{"name"=>""}, "description"=>"Houston, TX", "lat"=>"10.0", "lng"=>"30.0", "commit"=>"Save"} and HTTP headers {"HTTP_REFERER"=>"/profiles/1/edit"}
REQUESTING PAGE: GET /profiles/1 with {} and HTTP headers {"HTTP_REFERER"=>"/profiles/1"}
REQUESTING PAGE: GET /login with {} and HTTP headers {}
REQUESTING PAGE: POST /users/sign_in with {"utf8"=>"\xE2\x9C\x93", "user"=>{"email"=>"test1@email.com", "password"=>"secret", "remember_me"=>"0"}, "commit"=>"Sign in"} and HTTP headers {"HTTP_REFERER"=>"/login"}
REQUESTING PAGE: GET / with {} and HTTP headers {"HTTP_REFERER"=>"/users/sign_in"}
REQUESTING PAGE: GET /profiles/1 with {} and HTTP headers {"HTTP_REFERER"=>"/"}
REQUESTING PAGE: GET /profiles/1/edit with {} and HTTP headers {"HTTP_REFERER"=>"/profiles/1"}
REQUESTING PAGE: POST /profiles/1 with {"utf8"=>"\xE2\x9C\x93", "_method"=>"put", "profile"=>{"name"=>"John"}, "description"=>"", "lat"=>"{:id=>:lat}", "lng"=>"{:id=>:lng}", "commit"=>"Save"} and HTTP headers {"HTTP_REFERER"=>"/profiles/1/edit"}
REQUESTING PAGE: GET /profiles/1 with {} and HTTP headers {"HTTP_REFERER"=>"/profiles/1"}
REQUESTING PAGE: GET /login with {} and HTTP headers {}
REQUESTING PAGE: POST /users/sign_in with {"utf8"=>"\xE2\x9C\x93", "user"=>{"email"=>"test2@email.com", "password"=>"secret", "remember_me"=>"0"}, "commit"=>"Sign in"} and HTTP headers {"HTTP_REFERER"=>"/login"}
REQUESTING PAGE: GET / with {} and HTTP headers {"HTTP_REFERER"=>"/users/sign_in"}
REQUESTING PAGE: GET /profiles/1 with {} and HTTP headers {"HTTP_REFERER"=>"/"}
REQUESTING PAGE: GET /profiles/1/edit with {} and HTTP headers {"HTTP_REFERER"=>"/profiles/1"}
REQUESTING PAGE: POST /profiles/1 with {"utf8"=>"\xE2\x9C\x93", "_method"=>"put", "profile"=>{"name"=>""}, "description"=>"Houston, TX", "lat"=>"10.0", "lng"=>"30.0", "commit"=>"Save"} and HTTP headers {"HTTP_REFERER"=>"/profiles/1/edit"}
REQUESTING PAGE: GET /profiles/1 with {} and HTTP headers {"HTTP_REFERER"=>"/profiles/1"}
REQUESTING PAGE: GET /login with {} and HTTP headers {}
REQUESTING PAGE: POST /users/sign_in with {"utf8"=>"\xE2\x9C\x93", "user"=>{"email"=>"test1@email.com", "password"=>"secret", "remember_me"=>"0"}, "commit"=>"Sign in"} and HTTP headers {"HTTP_REFERER"=>"/login"}
REQUESTING PAGE: GET / with {} and HTTP headers {"HTTP_REFERER"=>"/users/sign_in"}
REQUESTING PAGE: GET /profiles/1 with {} and HTTP headers {"HTTP_REFERER"=>"/"}
REQUESTING PAGE: GET /profiles/1/edit with {} and HTTP headers {"HTTP_REFERER"=>"/profiles/1"}
REQUESTING PAGE: POST /profiles/1 with {"utf8"=>"\xE2\x9C\x93", "_method"=>"put", "profile"=>{"name"=>"John"}, "description"=>"", "lat"=>"{:id=>:lat}", "lng"=>"{:id=>:lng}", "commit"=>"Save"} and HTTP headers {"HTTP_REFERER"=>"/profiles/1/edit"}
REQUESTING PAGE: GET /profiles/1 with {} and HTTP headers {"HTTP_REFERER"=>"/profiles/1"}
REQUESTING PAGE: GET /login with {} and HTTP headers {}
REQUESTING PAGE: POST /users/sign_in with {"utf8"=>"\xE2\x9C\x93", "user"=>{"email"=>"test2@email.com", "password"=>"secret", "remember_me"=>"0"}, "commit"=>"Sign in"} and HTTP headers {"HTTP_REFERER"=>"/login"}
REQUESTING PAGE: GET / with {} and HTTP headers {"HTTP_REFERER"=>"/users/sign_in"}
REQUESTING PAGE: GET /profiles/1 with {} and HTTP headers {"HTTP_REFERER"=>"/"}
REQUESTING PAGE: GET /profiles/1/edit with {} and HTTP headers {"HTTP_REFERER"=>"/profiles/1"}
REQUESTING PAGE: POST /profiles/1 with {"utf8"=>"\xE2\x9C\x93", "_method"=>"put", "profile"=>{"name"=>""}, "description"=>"Houston, TX", "lat"=>"10.0", "lng"=>"30.0", "commit"=>"Save"} and HTTP headers {"HTTP_REFERER"=>"/profiles/1/edit"}
REQUESTING PAGE: GET /profiles/1 with {} and HTTP headers {"HTTP_REFERER"=>"/profiles/1"}
